0 info it worked if it ends with ok
1 verbose cli [ '/usr/local/bin/node',
1 verbose cli   '/usr/local/bin/npm',
1 verbose cli   'install',
1 verbose cli   'requirejs-domready' ]
2 info using npm@1.3.14
3 info using node@v0.10.22
4 warn package.json ionic-project@1.0.0 No repository field.
5 verbose readDependencies using package.json deps
6 verbose cache add [ 'requirejs-domready', null ]
7 verbose cache add name=undefined spec="requirejs-domready" args=["requirejs-domready",null]
8 verbose parsed url { protocol: null,
8 verbose parsed url   slashes: null,
8 verbose parsed url   auth: null,
8 verbose parsed url   host: null,
8 verbose parsed url   port: null,
8 verbose parsed url   hostname: null,
8 verbose parsed url   hash: null,
8 verbose parsed url   search: null,
8 verbose parsed url   query: null,
8 verbose parsed url   pathname: 'requirejs-domready',
8 verbose parsed url   path: 'requirejs-domready',
8 verbose parsed url   href: 'requirejs-domready' }
9 silly lockFile 878e0872-requirejs-domready requirejs-domready
10 verbose lock requirejs-domready /Users/nithyasivakumar/.npm/878e0872-requirejs-domready.lock
11 silly lockFile 878e0872-requirejs-domready requirejs-domready
12 silly lockFile 878e0872-requirejs-domready requirejs-domready
13 verbose addNamed [ 'requirejs-domready', '' ]
14 verbose addNamed [ null, '*' ]
15 silly lockFile 057fe607-requirejs-domready requirejs-domready@
16 verbose lock requirejs-domready@ /Users/nithyasivakumar/.npm/057fe607-requirejs-domready.lock
17 silly addNameRange { name: 'requirejs-domready', range: '*', hasData: false }
18 verbose url raw requirejs-domready
19 verbose url resolving [ 'https://registry.npmjs.org/', './requirejs-domready' ]
20 verbose url resolved https://registry.npmjs.org/requirejs-domready
21 info trying registry request attempt 1 at 15:59:39
22 http GET https://registry.npmjs.org/requirejs-domready
23 http 404 https://registry.npmjs.org/requirejs-domready
24 silly registry.get cb [ 404,
24 silly registry.get   { date: 'Sat, 12 Apr 2014 10:29:41 GMT',
24 silly registry.get     server: 'CouchDB/1.5.0 (Erlang OTP/R16B)',
24 silly registry.get     'content-type': 'application/json',
24 silly registry.get     via: '1.1 varnish',
24 silly registry.get     'cache-control': 'max-age=0',
24 silly registry.get     'content-length': '52',
24 silly registry.get     'accept-ranges': 'bytes',
24 silly registry.get     age: '0',
24 silly registry.get     'x-served-by': 'cache-v41-ASH, cache-sv94-SJC3',
24 silly registry.get     'x-cache': 'MISS, MISS',
24 silly registry.get     'x-cache-hits': '0, 0',
24 silly registry.get     'x-timer': 'S1397298581.589078903,VS0,VS37,VE131,VE167',
24 silly registry.get     'keep-alive': 'timeout=10, max=50',
24 silly registry.get     connection: 'Keep-Alive' } ]
25 silly lockFile 057fe607-requirejs-domready requirejs-domready@
26 silly lockFile 057fe607-requirejs-domready requirejs-domready@
27 error 404 'requirejs-domready' is not in the npm registry.
27 error 404 You should bug the author to publish it
27 error 404
27 error 404 Note that you can also install from a
27 error 404 tarball, folder, or http url, or git url.
28 error System Darwin 13.1.0
29 error command "/usr/local/bin/node" "/usr/local/bin/npm" "install" "requirejs-domready"
30 error cwd /Users/nithyasivakumar/Documents/Personal/workspace/ionicRapidProto/WebContent/ionicRapidProto
31 error node -v v0.10.22
32 error npm -v 1.3.14
33 error code E404
34 verbose exit [ 1, true ]
